{"uid":"3e02653e8e26b73c","name":"test_unsubscribe","fullName":"tests.test_subscription_page.TestSubscription#test_unsubscribe","historyId":"137eb89db74fbbda0c1191efa1975032","time":{"start":1689186459690,"stop":1689186459690,"duration":0},"status":"broken","statusMessage":"selenium.common.exceptions.WebDriverException: Message: unknown error: Chrome failed to start: exited abnormally.\n  (unknown error: DevToolsActivePort file doesn't exist)\n  (The process started from chrome location /usr/bin/google-chrome is no longer running, so ChromeDriver is assuming that Chrome has crashed.)\nStacktrace:\n#0 0x5629c2fc64e3 <unknown>\n#1 0x5629c2cf5c76 <unknown>\n#2 0x5629c2d1ed78 <unknown>\n#3 0x5629c2d1b029 <unknown>\n#4 0x5629c2d59ccc <unknown>\n#5 0x5629c2d5947f <unknown>\n#6 0x5629c2d50de3 <unknown>\n#7 0x5629c2d262dd <unknown>\n#8 0x5629c2d2734e <unknown>\n#9 0x5629c2f863e4 <unknown>\n#10 0x5629c2f8a3d7 <unknown>\n#11 0x5629c2f94b20 <unknown>\n#12 0x5629c2f8b023 <unknown>\n#13 0x5629c2f591aa <unknown>\n#14 0x5629c2faf6b8 <unknown>\n#15 0x5629c2faf847 <unknown>\n#16 0x5629c2fbf243 <unknown>\n#17 0x7fc382c5ab43 <unknown>","statusTrace":"E   selenium.common.exceptions.WebDriverException: Message: unknown error: Chrome failed to start: exited abnormally.\n      (unknown error: DevToolsActivePort file doesn't exist)\n      (The process started from chrome location /usr/bin/google-chrome is no longer running, so ChromeDriver is assuming that Chrome has crashed.)\n    Stacktrace:\n    #0 0x5629c2fc64e3 <unknown>\n    #1 0x5629c2cf5c76 <unknown>\n    #2 0x5629c2d1ed78 <unknown>\n    #3 0x5629c2d1b029 <unknown>\n    #4 0x5629c2d59ccc <unknown>\n    #5 0x5629c2d5947f <unknown>\n    #6 0x5629c2d50de3 <unknown>\n    #7 0x5629c2d262dd <unknown>\n    #8 0x5629c2d2734e <unknown>\n    #9 0x5629c2f863e4 <unknown>\n    #10 0x5629c2f8a3d7 <unknown>\n    #11 0x5629c2f94b20 <unknown>\n    #12 0x5629c2f8b023 <unknown>\n    #13 0x5629c2f591aa <unknown>\n    #14 0x5629c2faf6b8 <unknown>\n    #15 0x5629c2faf847 <unknown>\n    #16 0x5629c2fbf243 <unknown>\n    #17 0x7fc382c5ab43 <unknown>","flaky":false,"newFailed":false,"newBroken":false,"newPassed":false,"retriesCount":0,"retriesStatusChange":false,"beforeStages":[{"name":"browser","time":{"start":1689186459690,"stop":1689186460350,"duration":660},"status":"broken","statusMessage":"selenium.common.exceptions.WebDriverException: Message: unknown error: Chrome failed to start: exited abnormally.\n  (unknown error: DevToolsActivePort file doesn't exist)\n  (The process started from chrome location /usr/bin/google-chrome is no longer running, so ChromeDriver is assuming that Chrome has crashed.)\nStacktrace:\n#0 0x5629c2fc64e3 <unknown>\n#1 0x5629c2cf5c76 <unknown>\n#2 0x5629c2d1ed78 <unknown>\n#3 0x5629c2d1b029 <unknown>\n#4 0x5629c2d59ccc <unknown>\n#5 0x5629c2d5947f <unknown>\n#6 0x5629c2d50de3 <unknown>\n#7 0x5629c2d262dd <unknown>\n#8 0x5629c2d2734e <unknown>\n#9 0x5629c2f863e4 <unknown>\n#10 0x5629c2f8a3d7 <unknown>\n#11 0x5629c2f94b20 <unknown>\n#12 0x5629c2f8b023 <unknown>\n#13 0x5629c2f591aa <unknown>\n#14 0x5629c2faf6b8 <unknown>\n#15 0x5629c2faf847 <unknown>\n#16 0x5629c2fbf243 <unknown>\n#17 0x7fc382c5ab43 <unknown>\n\n","statusTrace":"  File \"/opt/hostedtoolcache/Python/3.11.4/x64/lib/python3.11/site-packages/pluggy/_callers.py\", line 39, in _multicall\n    res = hook_impl.function(*args)\n          ^^^^^^^^^^^^^^^^^^^^^^^^^\n  File \"/opt/hostedtoolcache/Python/3.11.4/x64/lib/python3.11/site-packages/_pytest/fixtures.py\", line 1130, in pytest_fixture_setup\n    result = call_fixture_func(fixturefunc, request, kwargs)\n             ^^^^^^^^^^^^^^^^^^^^^^^^^^^^^^^^^^^^^^^^^^^^^^^\n  File \"/opt/hostedtoolcache/Python/3.11.4/x64/lib/python3.11/site-packages/_pytest/fixtures.py\", line 902, in call_fixture_func\n    fixture_result = next(generator)\n                     ^^^^^^^^^^^^^^^\n  File \"/home/runner/work/testing_foodgram_project_react/testing_foodgram_project_react/conftest.py\", line 26, in browser\n    browser = webdriver.Chrome(\n              ^^^^^^^^^^^^^^^^^\n  File \"/opt/hostedtoolcache/Python/3.11.4/x64/lib/python3.11/site-packages/selenium/webdriver/chrome/webdriver.py\", line 84, in __init__\n    super().__init__(\n  File \"/opt/hostedtoolcache/Python/3.11.4/x64/lib/python3.11/site-packages/selenium/webdriver/chromium/webdriver.py\", line 104, in __init__\n    super().__init__(\n  File \"/opt/hostedtoolcache/Python/3.11.4/x64/lib/python3.11/site-packages/selenium/webdriver/remote/webdriver.py\", line 286, in __init__\n    self.start_session(capabilities, browser_profile)\n  File \"/opt/hostedtoolcache/Python/3.11.4/x64/lib/python3.11/site-packages/selenium/webdriver/remote/webdriver.py\", line 378, in start_session\n    response = self.execute(Command.NEW_SESSION, parameters)\n               ^^^^^^^^^^^^^^^^^^^^^^^^^^^^^^^^^^^^^^^^^^^^^\n  File \"/opt/hostedtoolcache/Python/3.11.4/x64/lib/python3.11/site-packages/selenium/webdriver/remote/webdriver.py\", line 440, in execute\n    self.error_handler.check_response(response)\n  File \"/opt/hostedtoolcache/Python/3.11.4/x64/lib/python3.11/site-packages/selenium/webdriver/remote/errorhandler.py\", line 245, in check_response\n    raise exception_class(message, screen, stacktrace)\n","steps":[],"attachments":[],"parameters":[],"stepsCount":0,"attachmentsCount":0,"shouldDisplayMessage":true,"hasContent":true}],"afterStages":[],"labels":[{"name":"story","value":"Тест осуществления отписки на автора"},{"name":"feature","value":"Тесты подписки на автора рецептов."},{"name":"tag","value":"unsubscribe_test"},{"name":"tag","value":"subscribe_test(scope='class')"},{"name":"tag","value":"run(order=4)"},{"name":"parentSuite","value":"tests"},{"name":"suite","value":"test_subscription_page"},{"name":"subSuite","value":"TestSubscription"},{"name":"host","value":"fv-az256-210"},{"name":"thread","value":"2518-MainThread"},{"name":"framework","value":"pytest"},{"name":"language","value":"cpython3"},{"name":"package","value":"tests.test_subscription_page"},{"name":"resultFormat","value":"allure2"}],"parameters":[],"links":[],"hidden":false,"retry":false,"extra":{"severity":"normal","retries":[],"categories":[{"name":"Test defects","matchedStatuses":[],"flaky":false}],"tags":["run(order=4)","unsubscribe_test","subscribe_test(scope='class')"]},"source":"3e02653e8e26b73c.json","parameterValues":[]}