{"uid":"73a43bf62fa6c399","name":"test_subscription","fullName":"tests.test_subscription_page.TestSubscription#test_subscription","historyId":"ccc86dbb5e7600b2e97c49c3afe68730","time":{"start":1689186459024,"stop":1689186459024,"duration":0},"status":"broken","statusMessage":"selenium.common.exceptions.WebDriverException: Message: unknown error: Chrome failed to start: exited abnormally.\n  (unknown error: DevToolsActivePort file doesn't exist)\n  (The process started from chrome location /usr/bin/google-chrome is no longer running, so ChromeDriver is assuming that Chrome has crashed.)\nStacktrace:\n#0 0x55e18dfb24e3 <unknown>\n#1 0x55e18dce1c76 <unknown>\n#2 0x55e18dd0ad78 <unknown>\n#3 0x55e18dd07029 <unknown>\n#4 0x55e18dd45ccc <unknown>\n#5 0x55e18dd4547f <unknown>\n#6 0x55e18dd3cde3 <unknown>\n#7 0x55e18dd122dd <unknown>\n#8 0x55e18dd1334e <unknown>\n#9 0x55e18df723e4 <unknown>\n#10 0x55e18df763d7 <unknown>\n#11 0x55e18df80b20 <unknown>\n#12 0x55e18df77023 <unknown>\n#13 0x55e18df451aa <unknown>\n#14 0x55e18df9b6b8 <unknown>\n#15 0x55e18df9b847 <unknown>\n#16 0x55e18dfab243 <unknown>\n#17 0x7f5c170c2b43 <unknown>","statusTrace":"E   selenium.common.exceptions.WebDriverException: Message: unknown error: Chrome failed to start: exited abnormally.\n      (unknown error: DevToolsActivePort file doesn't exist)\n      (The process started from chrome location /usr/bin/google-chrome is no longer running, so ChromeDriver is assuming that Chrome has crashed.)\n    Stacktrace:\n    #0 0x55e18dfb24e3 <unknown>\n    #1 0x55e18dce1c76 <unknown>\n    #2 0x55e18dd0ad78 <unknown>\n    #3 0x55e18dd07029 <unknown>\n    #4 0x55e18dd45ccc <unknown>\n    #5 0x55e18dd4547f <unknown>\n    #6 0x55e18dd3cde3 <unknown>\n    #7 0x55e18dd122dd <unknown>\n    #8 0x55e18dd1334e <unknown>\n    #9 0x55e18df723e4 <unknown>\n    #10 0x55e18df763d7 <unknown>\n    #11 0x55e18df80b20 <unknown>\n    #12 0x55e18df77023 <unknown>\n    #13 0x55e18df451aa <unknown>\n    #14 0x55e18df9b6b8 <unknown>\n    #15 0x55e18df9b847 <unknown>\n    #16 0x55e18dfab243 <unknown>\n    #17 0x7f5c170c2b43 <unknown>","flaky":false,"newFailed":false,"newBroken":false,"newPassed":false,"retriesCount":0,"retriesStatusChange":false,"beforeStages":[{"name":"browser","time":{"start":1689186459024,"stop":1689186459684,"duration":660},"status":"broken","statusMessage":"selenium.common.exceptions.WebDriverException: Message: unknown error: Chrome failed to start: exited abnormally.\n  (unknown error: DevToolsActivePort file doesn't exist)\n  (The process started from chrome location /usr/bin/google-chrome is no longer running, so ChromeDriver is assuming that Chrome has crashed.)\nStacktrace:\n#0 0x55e18dfb24e3 <unknown>\n#1 0x55e18dce1c76 <unknown>\n#2 0x55e18dd0ad78 <unknown>\n#3 0x55e18dd07029 <unknown>\n#4 0x55e18dd45ccc <unknown>\n#5 0x55e18dd4547f <unknown>\n#6 0x55e18dd3cde3 <unknown>\n#7 0x55e18dd122dd <unknown>\n#8 0x55e18dd1334e <unknown>\n#9 0x55e18df723e4 <unknown>\n#10 0x55e18df763d7 <unknown>\n#11 0x55e18df80b20 <unknown>\n#12 0x55e18df77023 <unknown>\n#13 0x55e18df451aa <unknown>\n#14 0x55e18df9b6b8 <unknown>\n#15 0x55e18df9b847 <unknown>\n#16 0x55e18dfab243 <unknown>\n#17 0x7f5c170c2b43 <unknown>\n\n","statusTrace":"  File \"/opt/hostedtoolcache/Python/3.11.4/x64/lib/python3.11/site-packages/pluggy/_callers.py\", line 39, in _multicall\n    res = hook_impl.function(*args)\n          ^^^^^^^^^^^^^^^^^^^^^^^^^\n  File \"/opt/hostedtoolcache/Python/3.11.4/x64/lib/python3.11/site-packages/_pytest/fixtures.py\", line 1130, in pytest_fixture_setup\n    result = call_fixture_func(fixturefunc, request, kwargs)\n             ^^^^^^^^^^^^^^^^^^^^^^^^^^^^^^^^^^^^^^^^^^^^^^^\n  File \"/opt/hostedtoolcache/Python/3.11.4/x64/lib/python3.11/site-packages/_pytest/fixtures.py\", line 902, in call_fixture_func\n    fixture_result = next(generator)\n                     ^^^^^^^^^^^^^^^\n  File \"/home/runner/work/testing_foodgram_project_react/testing_foodgram_project_react/conftest.py\", line 26, in browser\n    browser = webdriver.Chrome(\n              ^^^^^^^^^^^^^^^^^\n  File \"/opt/hostedtoolcache/Python/3.11.4/x64/lib/python3.11/site-packages/selenium/webdriver/chrome/webdriver.py\", line 84, in __init__\n    super().__init__(\n  File \"/opt/hostedtoolcache/Python/3.11.4/x64/lib/python3.11/site-packages/selenium/webdriver/chromium/webdriver.py\", line 104, in __init__\n    super().__init__(\n  File \"/opt/hostedtoolcache/Python/3.11.4/x64/lib/python3.11/site-packages/selenium/webdriver/remote/webdriver.py\", line 286, in __init__\n    self.start_session(capabilities, browser_profile)\n  File \"/opt/hostedtoolcache/Python/3.11.4/x64/lib/python3.11/site-packages/selenium/webdriver/remote/webdriver.py\", line 378, in start_session\n    response = self.execute(Command.NEW_SESSION, parameters)\n               ^^^^^^^^^^^^^^^^^^^^^^^^^^^^^^^^^^^^^^^^^^^^^\n  File \"/opt/hostedtoolcache/Python/3.11.4/x64/lib/python3.11/site-packages/selenium/webdriver/remote/webdriver.py\", line 440, in execute\n    self.error_handler.check_response(response)\n  File \"/opt/hostedtoolcache/Python/3.11.4/x64/lib/python3.11/site-packages/selenium/webdriver/remote/errorhandler.py\", line 245, in check_response\n    raise exception_class(message, screen, stacktrace)\n","steps":[],"attachments":[],"parameters":[],"stepsCount":0,"attachmentsCount":0,"shouldDisplayMessage":true,"hasContent":true}],"afterStages":[],"labels":[{"name":"feature","value":"Тесты подписки на автора рецептов."},{"name":"story","value":"Тест осуществления подписки на автора"},{"name":"tag","value":"subscription_test"},{"name":"tag","value":"subscribe_test(scope='class')"},{"name":"tag","value":"run(order=4)"},{"name":"parentSuite","value":"tests"},{"name":"suite","value":"test_subscription_page"},{"name":"subSuite","value":"TestSubscription"},{"name":"host","value":"fv-az256-210"},{"name":"thread","value":"2518-MainThread"},{"name":"framework","value":"pytest"},{"name":"language","value":"cpython3"},{"name":"package","value":"tests.test_subscription_page"},{"name":"resultFormat","value":"allure2"}],"parameters":[],"links":[],"hidden":false,"retry":false,"extra":{"severity":"normal","retries":[],"categories":[{"name":"Test defects","matchedStatuses":[],"flaky":false}],"tags":["subscription_test","run(order=4)","subscribe_test(scope='class')"]},"source":"73a43bf62fa6c399.json","parameterValues":[]}