{"uid":"777ff6d84e55df7b","name":"test_filter_tags_recipes_page['Ужин']","fullName":"tests.test_filters_pages.TestFiltersTags#test_filter_tags_recipes_page","historyId":"b9963f9aa18a8854602068d41a98ab50","time":{"start":1689186463072,"stop":1689186463072,"duration":0},"status":"broken","statusMessage":"selenium.common.exceptions.WebDriverException: Message: unknown error: Chrome failed to start: exited abnormally.\n  (unknown error: DevToolsActivePort file doesn't exist)\n  (The process started from chrome location /usr/bin/google-chrome is no longer running, so ChromeDriver is assuming that Chrome has crashed.)\nStacktrace:\n#0 0x55c6e48ce4e3 <unknown>\n#1 0x55c6e45fdc76 <unknown>\n#2 0x55c6e4626d78 <unknown>\n#3 0x55c6e4623029 <unknown>\n#4 0x55c6e4661ccc <unknown>\n#5 0x55c6e466147f <unknown>\n#6 0x55c6e4658de3 <unknown>\n#7 0x55c6e462e2dd <unknown>\n#8 0x55c6e462f34e <unknown>\n#9 0x55c6e488e3e4 <unknown>\n#10 0x55c6e48923d7 <unknown>\n#11 0x55c6e489cb20 <unknown>\n#12 0x55c6e4893023 <unknown>\n#13 0x55c6e48611aa <unknown>\n#14 0x55c6e48b76b8 <unknown>\n#15 0x55c6e48b7847 <unknown>\n#16 0x55c6e48c7243 <unknown>\n#17 0x7f0239fc0b43 <unknown>","statusTrace":"E   selenium.common.exceptions.WebDriverException: Message: unknown error: Chrome failed to start: exited abnormally.\n      (unknown error: DevToolsActivePort file doesn't exist)\n      (The process started from chrome location /usr/bin/google-chrome is no longer running, so ChromeDriver is assuming that Chrome has crashed.)\n    Stacktrace:\n    #0 0x55c6e48ce4e3 <unknown>\n    #1 0x55c6e45fdc76 <unknown>\n    #2 0x55c6e4626d78 <unknown>\n    #3 0x55c6e4623029 <unknown>\n    #4 0x55c6e4661ccc <unknown>\n    #5 0x55c6e466147f <unknown>\n    #6 0x55c6e4658de3 <unknown>\n    #7 0x55c6e462e2dd <unknown>\n    #8 0x55c6e462f34e <unknown>\n    #9 0x55c6e488e3e4 <unknown>\n    #10 0x55c6e48923d7 <unknown>\n    #11 0x55c6e489cb20 <unknown>\n    #12 0x55c6e4893023 <unknown>\n    #13 0x55c6e48611aa <unknown>\n    #14 0x55c6e48b76b8 <unknown>\n    #15 0x55c6e48b7847 <unknown>\n    #16 0x55c6e48c7243 <unknown>\n    #17 0x7f0239fc0b43 <unknown>","flaky":false,"newFailed":false,"newBroken":false,"newPassed":false,"retriesCount":0,"retriesStatusChange":false,"beforeStages":[{"name":"browser","time":{"start":1689186463072,"stop":1689186463732,"duration":660},"status":"broken","statusMessage":"selenium.common.exceptions.WebDriverException: Message: unknown error: Chrome failed to start: exited abnormally.\n  (unknown error: DevToolsActivePort file doesn't exist)\n  (The process started from chrome location /usr/bin/google-chrome is no longer running, so ChromeDriver is assuming that Chrome has crashed.)\nStacktrace:\n#0 0x55c6e48ce4e3 <unknown>\n#1 0x55c6e45fdc76 <unknown>\n#2 0x55c6e4626d78 <unknown>\n#3 0x55c6e4623029 <unknown>\n#4 0x55c6e4661ccc <unknown>\n#5 0x55c6e466147f <unknown>\n#6 0x55c6e4658de3 <unknown>\n#7 0x55c6e462e2dd <unknown>\n#8 0x55c6e462f34e <unknown>\n#9 0x55c6e488e3e4 <unknown>\n#10 0x55c6e48923d7 <unknown>\n#11 0x55c6e489cb20 <unknown>\n#12 0x55c6e4893023 <unknown>\n#13 0x55c6e48611aa <unknown>\n#14 0x55c6e48b76b8 <unknown>\n#15 0x55c6e48b7847 <unknown>\n#16 0x55c6e48c7243 <unknown>\n#17 0x7f0239fc0b43 <unknown>\n\n","statusTrace":"  File \"/opt/hostedtoolcache/Python/3.11.4/x64/lib/python3.11/site-packages/pluggy/_callers.py\", line 39, in _multicall\n    res = hook_impl.function(*args)\n          ^^^^^^^^^^^^^^^^^^^^^^^^^\n  File \"/opt/hostedtoolcache/Python/3.11.4/x64/lib/python3.11/site-packages/_pytest/fixtures.py\", line 1130, in pytest_fixture_setup\n    result = call_fixture_func(fixturefunc, request, kwargs)\n             ^^^^^^^^^^^^^^^^^^^^^^^^^^^^^^^^^^^^^^^^^^^^^^^\n  File \"/opt/hostedtoolcache/Python/3.11.4/x64/lib/python3.11/site-packages/_pytest/fixtures.py\", line 902, in call_fixture_func\n    fixture_result = next(generator)\n                     ^^^^^^^^^^^^^^^\n  File \"/home/runner/work/testing_foodgram_project_react/testing_foodgram_project_react/conftest.py\", line 26, in browser\n    browser = webdriver.Chrome(\n              ^^^^^^^^^^^^^^^^^\n  File \"/opt/hostedtoolcache/Python/3.11.4/x64/lib/python3.11/site-packages/selenium/webdriver/chrome/webdriver.py\", line 84, in __init__\n    super().__init__(\n  File \"/opt/hostedtoolcache/Python/3.11.4/x64/lib/python3.11/site-packages/selenium/webdriver/chromium/webdriver.py\", line 104, in __init__\n    super().__init__(\n  File \"/opt/hostedtoolcache/Python/3.11.4/x64/lib/python3.11/site-packages/selenium/webdriver/remote/webdriver.py\", line 286, in __init__\n    self.start_session(capabilities, browser_profile)\n  File \"/opt/hostedtoolcache/Python/3.11.4/x64/lib/python3.11/site-packages/selenium/webdriver/remote/webdriver.py\", line 378, in start_session\n    response = self.execute(Command.NEW_SESSION, parameters)\n               ^^^^^^^^^^^^^^^^^^^^^^^^^^^^^^^^^^^^^^^^^^^^^\n  File \"/opt/hostedtoolcache/Python/3.11.4/x64/lib/python3.11/site-packages/selenium/webdriver/remote/webdriver.py\", line 440, in execute\n    self.error_handler.check_response(response)\n  File \"/opt/hostedtoolcache/Python/3.11.4/x64/lib/python3.11/site-packages/selenium/webdriver/remote/errorhandler.py\", line 245, in check_response\n    raise exception_class(message, screen, stacktrace)\n","steps":[],"attachments":[],"parameters":[],"stepsCount":0,"attachmentsCount":0,"shouldDisplayMessage":true,"hasContent":true}],"afterStages":[],"labels":[{"name":"story","value":"Тест фильтрации по тегу на главной странице."},{"name":"feature","value":"Тесты фильтрации по тегу."},{"name":"tag","value":"filters_tags(scope='class')"},{"name":"tag","value":"run(order=6)"},{"name":"parentSuite","value":"tests"},{"name":"suite","value":"test_filters_pages"},{"name":"subSuite","value":"TestFiltersTags"},{"name":"host","value":"fv-az256-210"},{"name":"thread","value":"2518-MainThread"},{"name":"framework","value":"pytest"},{"name":"language","value":"cpython3"},{"name":"package","value":"tests.test_filters_pages"},{"name":"resultFormat","value":"allure2"}],"parameters":[{"name":"data","value":"'Ужин'"}],"links":[],"hidden":false,"retry":false,"extra":{"severity":"normal","retries":[],"categories":[{"name":"Test defects","matchedStatuses":[],"flaky":false}],"tags":["filters_tags(scope='class')","run(order=6)"]},"source":"777ff6d84e55df7b.json","parameterValues":["'Ужин'"]}