{"uid":"e35da3b7ed494dfc","name":"test_registration_form_negative[['Vasily', 'Ivanov', 'Ivanov_Vasily!', 'vasilyemail.ru', 'vas*']]","fullName":"tests.test_login_page.TestRegistrationForm#test_registration_form_negative","historyId":"a403b72280767b36c02416ccb4497a68","time":{"start":1689186452937,"stop":1689186452937,"duration":0},"status":"broken","statusMessage":"selenium.common.exceptions.WebDriverException: Message: unknown error: Chrome failed to start: exited abnormally.\n  (unknown error: DevToolsActivePort file doesn't exist)\n  (The process started from chrome location /usr/bin/google-chrome is no longer running, so ChromeDriver is assuming that Chrome has crashed.)\nStacktrace:\n#0 0x55e24977e4e3 <unknown>\n#1 0x55e2494adc76 <unknown>\n#2 0x55e2494d6d78 <unknown>\n#3 0x55e2494d3029 <unknown>\n#4 0x55e249511ccc <unknown>\n#5 0x55e24951147f <unknown>\n#6 0x55e249508de3 <unknown>\n#7 0x55e2494de2dd <unknown>\n#8 0x55e2494df34e <unknown>\n#9 0x55e24973e3e4 <unknown>\n#10 0x55e2497423d7 <unknown>\n#11 0x55e24974cb20 <unknown>\n#12 0x55e249743023 <unknown>\n#13 0x55e2497111aa <unknown>\n#14 0x55e2497676b8 <unknown>\n#15 0x55e249767847 <unknown>\n#16 0x55e249777243 <unknown>\n#17 0x7f5927b23b43 <unknown>","statusTrace":"E   selenium.common.exceptions.WebDriverException: Message: unknown error: Chrome failed to start: exited abnormally.\n      (unknown error: DevToolsActivePort file doesn't exist)\n      (The process started from chrome location /usr/bin/google-chrome is no longer running, so ChromeDriver is assuming that Chrome has crashed.)\n    Stacktrace:\n    #0 0x55e24977e4e3 <unknown>\n    #1 0x55e2494adc76 <unknown>\n    #2 0x55e2494d6d78 <unknown>\n    #3 0x55e2494d3029 <unknown>\n    #4 0x55e249511ccc <unknown>\n    #5 0x55e24951147f <unknown>\n    #6 0x55e249508de3 <unknown>\n    #7 0x55e2494de2dd <unknown>\n    #8 0x55e2494df34e <unknown>\n    #9 0x55e24973e3e4 <unknown>\n    #10 0x55e2497423d7 <unknown>\n    #11 0x55e24974cb20 <unknown>\n    #12 0x55e249743023 <unknown>\n    #13 0x55e2497111aa <unknown>\n    #14 0x55e2497676b8 <unknown>\n    #15 0x55e249767847 <unknown>\n    #16 0x55e249777243 <unknown>\n    #17 0x7f5927b23b43 <unknown>","flaky":false,"newFailed":false,"newBroken":false,"newPassed":false,"retriesCount":0,"retriesStatusChange":false,"beforeStages":[{"name":"browser","time":{"start":1689186452938,"stop":1689186453645,"duration":707},"status":"broken","statusMessage":"selenium.common.exceptions.WebDriverException: Message: unknown error: Chrome failed to start: exited abnormally.\n  (unknown error: DevToolsActivePort file doesn't exist)\n  (The process started from chrome location /usr/bin/google-chrome is no longer running, so ChromeDriver is assuming that Chrome has crashed.)\nStacktrace:\n#0 0x55e24977e4e3 <unknown>\n#1 0x55e2494adc76 <unknown>\n#2 0x55e2494d6d78 <unknown>\n#3 0x55e2494d3029 <unknown>\n#4 0x55e249511ccc <unknown>\n#5 0x55e24951147f <unknown>\n#6 0x55e249508de3 <unknown>\n#7 0x55e2494de2dd <unknown>\n#8 0x55e2494df34e <unknown>\n#9 0x55e24973e3e4 <unknown>\n#10 0x55e2497423d7 <unknown>\n#11 0x55e24974cb20 <unknown>\n#12 0x55e249743023 <unknown>\n#13 0x55e2497111aa <unknown>\n#14 0x55e2497676b8 <unknown>\n#15 0x55e249767847 <unknown>\n#16 0x55e249777243 <unknown>\n#17 0x7f5927b23b43 <unknown>\n\n","statusTrace":"  File \"/opt/hostedtoolcache/Python/3.11.4/x64/lib/python3.11/site-packages/pluggy/_callers.py\", line 39, in _multicall\n    res = hook_impl.function(*args)\n          ^^^^^^^^^^^^^^^^^^^^^^^^^\n  File \"/opt/hostedtoolcache/Python/3.11.4/x64/lib/python3.11/site-packages/_pytest/fixtures.py\", line 1130, in pytest_fixture_setup\n    result = call_fixture_func(fixturefunc, request, kwargs)\n             ^^^^^^^^^^^^^^^^^^^^^^^^^^^^^^^^^^^^^^^^^^^^^^^\n  File \"/opt/hostedtoolcache/Python/3.11.4/x64/lib/python3.11/site-packages/_pytest/fixtures.py\", line 902, in call_fixture_func\n    fixture_result = next(generator)\n                     ^^^^^^^^^^^^^^^\n  File \"/home/runner/work/testing_foodgram_project_react/testing_foodgram_project_react/conftest.py\", line 26, in browser\n    browser = webdriver.Chrome(\n              ^^^^^^^^^^^^^^^^^\n  File \"/opt/hostedtoolcache/Python/3.11.4/x64/lib/python3.11/site-packages/selenium/webdriver/chrome/webdriver.py\", line 84, in __init__\n    super().__init__(\n  File \"/opt/hostedtoolcache/Python/3.11.4/x64/lib/python3.11/site-packages/selenium/webdriver/chromium/webdriver.py\", line 104, in __init__\n    super().__init__(\n  File \"/opt/hostedtoolcache/Python/3.11.4/x64/lib/python3.11/site-packages/selenium/webdriver/remote/webdriver.py\", line 286, in __init__\n    self.start_session(capabilities, browser_profile)\n  File \"/opt/hostedtoolcache/Python/3.11.4/x64/lib/python3.11/site-packages/selenium/webdriver/remote/webdriver.py\", line 378, in start_session\n    response = self.execute(Command.NEW_SESSION, parameters)\n               ^^^^^^^^^^^^^^^^^^^^^^^^^^^^^^^^^^^^^^^^^^^^^\n  File \"/opt/hostedtoolcache/Python/3.11.4/x64/lib/python3.11/site-packages/selenium/webdriver/remote/webdriver.py\", line 440, in execute\n    self.error_handler.check_response(response)\n  File \"/opt/hostedtoolcache/Python/3.11.4/x64/lib/python3.11/site-packages/selenium/webdriver/remote/errorhandler.py\", line 245, in check_response\n    raise exception_class(message, screen, stacktrace)\n","steps":[],"attachments":[],"parameters":[],"stepsCount":0,"attachmentsCount":0,"shouldDisplayMessage":true,"hasContent":true}],"afterStages":[],"labels":[{"name":"feature","value":"Тесты регистрации нового пользователя."},{"name":"story","value":"Негативный тест: Тест регистрации нового пользователя                  с использованием невалидных данных."},{"name":"tag","value":"registration_negative_test(scope='function')"},{"name":"tag","value":"registration_form_test(scope='class')"},{"name":"tag","value":"run(order=1)"},{"name":"parentSuite","value":"tests"},{"name":"suite","value":"test_login_page"},{"name":"subSuite","value":"TestRegistrationForm"},{"name":"host","value":"fv-az256-210"},{"name":"thread","value":"2518-MainThread"},{"name":"framework","value":"pytest"},{"name":"language","value":"cpython3"},{"name":"package","value":"tests.test_login_page"},{"name":"resultFormat","value":"allure2"}],"parameters":[{"name":"data","value":"['Vasily', 'Ivanov', 'Ivanov_Vasily!', 'vasilyemail.ru', 'vas*']"}],"links":[],"hidden":false,"retry":false,"extra":{"severity":"normal","retries":[],"categories":[{"name":"Test defects","matchedStatuses":[],"flaky":false}],"tags":["run(order=1)","registration_negative_test(scope='function')","registration_form_test(scope='class')"]},"source":"e35da3b7ed494dfc.json","parameterValues":["['Vasily', 'Ivanov', 'Ivanov_Vasily!', 'vasilyemail.ru', 'vas*']"]}