{"uid":"254724118d47c948","name":"test_login_form_negative","fullName":"tests.test_login_page.TestLoginForm#test_login_form_negative","historyId":"a7a6ab08b095070504a946343f4d82dc","time":{"start":1689186765895,"stop":1689186765957,"duration":62},"status":"broken","statusMessage":"selenium.common.exceptions.WebDriverException: Message: unknown error: net::ERR_CONNECTION_REFUSED\n  (Session info: headless chrome=114.0.5735.198)\nStacktrace:\n#0 0x5647bb62b4e3 <unknown>\n#1 0x5647bb35ac76 <unknown>\n#2 0x5647bb352c7f <unknown>\n#3 0x5647bb344ca2 <unknown>\n#4 0x5647bb346412 <unknown>\n#5 0x5647bb3450ca <unknown>\n#6 0x5647bb344168 <unknown>\n#7 0x5647bb343fa0 <unknown>\n#8 0x5647bb3429bf <unknown>\n#9 0x5647bb342fed <unknown>\n#10 0x5647bb35cb06 <unknown>\n#11 0x5647bb3ce9e5 <unknown>\n#12 0x5647bb3b6012 <unknown>\n#13 0x5647bb3ce30e <unknown>\n#14 0x5647bb3b5de3 <unknown>\n#15 0x5647bb38b2dd <unknown>\n#16 0x5647bb38c34e <unknown>\n#17 0x5647bb5eb3e4 <unknown>\n#18 0x5647bb5ef3d7 <unknown>\n#19 0x5647bb5f9b20 <unknown>\n#20 0x5647bb5f0023 <unknown>\n#21 0x5647bb5be1aa <unknown>\n#22 0x5647bb6146b8 <unknown>\n#23 0x5647bb614847 <unknown>\n#24 0x5647bb624243 <unknown>\n#25 0x7f6d289a1b43 <unknown>","statusTrace":"E   selenium.common.exceptions.WebDriverException: Message: unknown error: net::ERR_CONNECTION_REFUSED\n      (Session info: headless chrome=114.0.5735.198)\n    Stacktrace:\n    #0 0x5647bb62b4e3 <unknown>\n    #1 0x5647bb35ac76 <unknown>\n    #2 0x5647bb352c7f <unknown>\n    #3 0x5647bb344ca2 <unknown>\n    #4 0x5647bb346412 <unknown>\n    #5 0x5647bb3450ca <unknown>\n    #6 0x5647bb344168 <unknown>\n    #7 0x5647bb343fa0 <unknown>\n    #8 0x5647bb3429bf <unknown>\n    #9 0x5647bb342fed <unknown>\n    #10 0x5647bb35cb06 <unknown>\n    #11 0x5647bb3ce9e5 <unknown>\n    #12 0x5647bb3b6012 <unknown>\n    #13 0x5647bb3ce30e <unknown>\n    #14 0x5647bb3b5de3 <unknown>\n    #15 0x5647bb38b2dd <unknown>\n    #16 0x5647bb38c34e <unknown>\n    #17 0x5647bb5eb3e4 <unknown>\n    #18 0x5647bb5ef3d7 <unknown>\n    #19 0x5647bb5f9b20 <unknown>\n    #20 0x5647bb5f0023 <unknown>\n    #21 0x5647bb5be1aa <unknown>\n    #22 0x5647bb6146b8 <unknown>\n    #23 0x5647bb614847 <unknown>\n    #24 0x5647bb624243 <unknown>\n    #25 0x7f6d289a1b43 <unknown>","flaky":false,"newFailed":false,"newBroken":false,"newPassed":false,"retriesCount":0,"retriesStatusChange":false,"beforeStages":[{"name":"browser","time":{"start":1689186765168,"stop":1689186765894,"duration":726},"status":"passed","steps":[],"attachments":[],"parameters":[],"stepsCount":0,"attachmentsCount":0,"shouldDisplayMessage":false,"hasContent":false}],"testStage":{"status":"broken","statusMessage":"selenium.common.exceptions.WebDriverException: Message: unknown error: net::ERR_CONNECTION_REFUSED\n  (Session info: headless chrome=114.0.5735.198)\nStacktrace:\n#0 0x5647bb62b4e3 <unknown>\n#1 0x5647bb35ac76 <unknown>\n#2 0x5647bb352c7f <unknown>\n#3 0x5647bb344ca2 <unknown>\n#4 0x5647bb346412 <unknown>\n#5 0x5647bb3450ca <unknown>\n#6 0x5647bb344168 <unknown>\n#7 0x5647bb343fa0 <unknown>\n#8 0x5647bb3429bf <unknown>\n#9 0x5647bb342fed <unknown>\n#10 0x5647bb35cb06 <unknown>\n#11 0x5647bb3ce9e5 <unknown>\n#12 0x5647bb3b6012 <unknown>\n#13 0x5647bb3ce30e <unknown>\n#14 0x5647bb3b5de3 <unknown>\n#15 0x5647bb38b2dd <unknown>\n#16 0x5647bb38c34e <unknown>\n#17 0x5647bb5eb3e4 <unknown>\n#18 0x5647bb5ef3d7 <unknown>\n#19 0x5647bb5f9b20 <unknown>\n#20 0x5647bb5f0023 <unknown>\n#21 0x5647bb5be1aa <unknown>\n#22 0x5647bb6146b8 <unknown>\n#23 0x5647bb614847 <unknown>\n#24 0x5647bb624243 <unknown>\n#25 0x7f6d289a1b43 <unknown>","statusTrace":"E   selenium.common.exceptions.WebDriverException: Message: unknown error: net::ERR_CONNECTION_REFUSED\n      (Session info: headless chrome=114.0.5735.198)\n    Stacktrace:\n    #0 0x5647bb62b4e3 <unknown>\n    #1 0x5647bb35ac76 <unknown>\n    #2 0x5647bb352c7f <unknown>\n    #3 0x5647bb344ca2 <unknown>\n    #4 0x5647bb346412 <unknown>\n    #5 0x5647bb3450ca <unknown>\n    #6 0x5647bb344168 <unknown>\n    #7 0x5647bb343fa0 <unknown>\n    #8 0x5647bb3429bf <unknown>\n    #9 0x5647bb342fed <unknown>\n    #10 0x5647bb35cb06 <unknown>\n    #11 0x5647bb3ce9e5 <unknown>\n    #12 0x5647bb3b6012 <unknown>\n    #13 0x5647bb3ce30e <unknown>\n    #14 0x5647bb3b5de3 <unknown>\n    #15 0x5647bb38b2dd <unknown>\n    #16 0x5647bb38c34e <unknown>\n    #17 0x5647bb5eb3e4 <unknown>\n    #18 0x5647bb5ef3d7 <unknown>\n    #19 0x5647bb5f9b20 <unknown>\n    #20 0x5647bb5f0023 <unknown>\n    #21 0x5647bb5be1aa <unknown>\n    #22 0x5647bb6146b8 <unknown>\n    #23 0x5647bb614847 <unknown>\n    #24 0x5647bb624243 <unknown>\n    #25 0x7f6d289a1b43 <unknown>","steps":[{"name":"Открываем главную страницу","time":{"start":1689186765896,"stop":1689186765955,"duration":59},"status":"broken","statusMessage":"selenium.common.exceptions.WebDriverException: Message: unknown error: net::ERR_CONNECTION_REFUSED\n  (Session info: headless chrome=114.0.5735.198)\nStacktrace:\n#0 0x5647bb62b4e3 <unknown>\n#1 0x5647bb35ac76 <unknown>\n#2 0x5647bb352c7f <unknown>\n#3 0x5647bb344ca2 <unknown>\n#4 0x5647bb346412 <unknown>\n#5 0x5647bb3450ca <unknown>\n#6 0x5647bb344168 <unknown>\n#7 0x5647bb343fa0 <unknown>\n#8 0x5647bb3429bf <unknown>\n#9 0x5647bb342fed <unknown>\n#10 0x5647bb35cb06 <unknown>\n#11 0x5647bb3ce9e5 <unknown>\n#12 0x5647bb3b6012 <unknown>\n#13 0x5647bb3ce30e <unknown>\n#14 0x5647bb3b5de3 <unknown>\n#15 0x5647bb38b2dd <unknown>\n#16 0x5647bb38c34e <unknown>\n#17 0x5647bb5eb3e4 <unknown>\n#18 0x5647bb5ef3d7 <unknown>\n#19 0x5647bb5f9b20 <unknown>\n#20 0x5647bb5f0023 <unknown>\n#21 0x5647bb5be1aa <unknown>\n#22 0x5647bb6146b8 <unknown>\n#23 0x5647bb614847 <unknown>\n#24 0x5647bb624243 <unknown>\n#25 0x7f6d289a1b43 <unknown>\n\n","statusTrace":"  File \"/home/runner/work/testing_foodgram_project_react/testing_foodgram_project_react/pages/base_page.py\", line 20, in open\n    self.browser.get(self.url)\n  File \"/opt/hostedtoolcache/Python/3.11.4/x64/lib/python3.11/site-packages/selenium/webdriver/remote/webdriver.py\", line 449, in get\n    self.execute(Command.GET, {\"url\": url})\n  File \"/opt/hostedtoolcache/Python/3.11.4/x64/lib/python3.11/site-packages/selenium/webdriver/remote/webdriver.py\", line 440, in execute\n    self.error_handler.check_response(response)\n  File \"/opt/hostedtoolcache/Python/3.11.4/x64/lib/python3.11/site-packages/selenium/webdriver/remote/errorhandler.py\", line 245, in check_response\n    raise exception_class(message, screen, stacktrace)\n","steps":[],"attachments":[],"parameters":[],"stepsCount":0,"attachmentsCount":0,"shouldDisplayMessage":true,"hasContent":true}],"attachments":[],"parameters":[],"stepsCount":1,"attachmentsCount":0,"shouldDisplayMessage":true,"hasContent":true},"afterStages":[{"name":"browser::0","time":{"start":1689186765958,"stop":1689186766013,"duration":55},"status":"passed","steps":[],"attachments":[],"parameters":[],"stepsCount":0,"attachmentsCount":0,"shouldDisplayMessage":false,"hasContent":false}],"labels":[{"name":"story","value":"Негативный тест: Тест аутентификации с                  использованием невалидных данных."},{"name":"feature","value":"Тесты аутентификации зарегистрированного пользователя."},{"name":"tag","value":"login_test_negative(scope='function')"},{"name":"tag","value":"login_form_test(scope='class')"},{"name":"tag","value":"run(order=2)"},{"name":"parentSuite","value":"tests"},{"name":"suite","value":"test_login_page"},{"name":"subSuite","value":"TestLoginForm"},{"name":"host","value":"fv-az799-973"},{"name":"thread","value":"2505-MainThread"},{"name":"framework","value":"pytest"},{"name":"language","value":"cpython3"},{"name":"package","value":"tests.test_login_page"},{"name":"resultFormat","value":"allure2"}],"parameters":[],"links":[],"hidden":false,"retry":false,"extra":{"severity":"normal","retries":[],"categories":[{"name":"Test defects","matchedStatuses":[],"flaky":false}],"history":{"statistic":{"failed":0,"broken":2,"skipped":0,"passed":0,"unknown":0,"total":2},"items":[{"uid":"f35a0e063b6e1f3f","reportUrl":"https://IlyaYaP.github.io/testing_foodgram_project_react/1//#testresult/f35a0e063b6e1f3f","status":"broken","statusDetails":"selenium.common.exceptions.WebDriverException: Message: unknown error: Chrome failed to start: exited abnormally.\n  (unknown error: DevToolsActivePort file doesn't exist)\n  (The process started from chrome location /usr/bin/google-chrome is no longer running, so ChromeDriver is assuming that Chrome has crashed.)\nStacktrace:\n#0 0x559616fc04e3 <unknown>\n#1 0x559616cefc76 <unknown>\n#2 0x559616d18d78 <unknown>\n#3 0x559616d15029 <unknown>\n#4 0x559616d53ccc <unknown>\n#5 0x559616d5347f <unknown>\n#6 0x559616d4ade3 <unknown>\n#7 0x559616d202dd <unknown>\n#8 0x559616d2134e <unknown>\n#9 0x559616f803e4 <unknown>\n#10 0x559616f843d7 <unknown>\n#11 0x559616f8eb20 <unknown>\n#12 0x559616f85023 <unknown>\n#13 0x559616f531aa <unknown>\n#14 0x559616fa96b8 <unknown>\n#15 0x559616fa9847 <unknown>\n#16 0x559616fb9243 <unknown>\n#17 0x7f0930290b43 <unknown>","time":{"start":1689186454983,"stop":1689186454983,"duration":0}}]},"tags":["login_form_test(scope='class')","run(order=2)","login_test_negative(scope='function')"]},"source":"254724118d47c948.json","parameterValues":[]}