{"uid":"c888070ba425e2db","name":"test_login_form","fullName":"tests.test_login_page.TestLoginForm#test_login_form","historyId":"2e2e12a0da22bfb49860bf88dbe338c6","time":{"start":1689186765043,"stop":1689186765108,"duration":65},"status":"broken","statusMessage":"selenium.common.exceptions.WebDriverException: Message: unknown error: net::ERR_CONNECTION_REFUSED\n  (Session info: headless chrome=114.0.5735.198)\nStacktrace:\n#0 0x56210c3664e3 <unknown>\n#1 0x56210c095c76 <unknown>\n#2 0x56210c08dc7f <unknown>\n#3 0x56210c07fca2 <unknown>\n#4 0x56210c081412 <unknown>\n#5 0x56210c0800ca <unknown>\n#6 0x56210c07f168 <unknown>\n#7 0x56210c07efa0 <unknown>\n#8 0x56210c07d9bf <unknown>\n#9 0x56210c07dfed <unknown>\n#10 0x56210c097b06 <unknown>\n#11 0x56210c1099e5 <unknown>\n#12 0x56210c0f1012 <unknown>\n#13 0x56210c10930e <unknown>\n#14 0x56210c0f0de3 <unknown>\n#15 0x56210c0c62dd <unknown>\n#16 0x56210c0c734e <unknown>\n#17 0x56210c3263e4 <unknown>\n#18 0x56210c32a3d7 <unknown>\n#19 0x56210c334b20 <unknown>\n#20 0x56210c32b023 <unknown>\n#21 0x56210c2f91aa <unknown>\n#22 0x56210c34f6b8 <unknown>\n#23 0x56210c34f847 <unknown>\n#24 0x56210c35f243 <unknown>\n#25 0x7f47dde8db43 <unknown>","statusTrace":"E   selenium.common.exceptions.WebDriverException: Message: unknown error: net::ERR_CONNECTION_REFUSED\n      (Session info: headless chrome=114.0.5735.198)\n    Stacktrace:\n    #0 0x56210c3664e3 <unknown>\n    #1 0x56210c095c76 <unknown>\n    #2 0x56210c08dc7f <unknown>\n    #3 0x56210c07fca2 <unknown>\n    #4 0x56210c081412 <unknown>\n    #5 0x56210c0800ca <unknown>\n    #6 0x56210c07f168 <unknown>\n    #7 0x56210c07efa0 <unknown>\n    #8 0x56210c07d9bf <unknown>\n    #9 0x56210c07dfed <unknown>\n    #10 0x56210c097b06 <unknown>\n    #11 0x56210c1099e5 <unknown>\n    #12 0x56210c0f1012 <unknown>\n    #13 0x56210c10930e <unknown>\n    #14 0x56210c0f0de3 <unknown>\n    #15 0x56210c0c62dd <unknown>\n    #16 0x56210c0c734e <unknown>\n    #17 0x56210c3263e4 <unknown>\n    #18 0x56210c32a3d7 <unknown>\n    #19 0x56210c334b20 <unknown>\n    #20 0x56210c32b023 <unknown>\n    #21 0x56210c2f91aa <unknown>\n    #22 0x56210c34f6b8 <unknown>\n    #23 0x56210c34f847 <unknown>\n    #24 0x56210c35f243 <unknown>\n    #25 0x7f47dde8db43 <unknown>","flaky":false,"newFailed":false,"newBroken":false,"newPassed":false,"retriesCount":0,"retriesStatusChange":false,"beforeStages":[{"name":"browser","time":{"start":1689186764327,"stop":1689186765042,"duration":715},"status":"passed","steps":[],"attachments":[],"parameters":[],"stepsCount":0,"attachmentsCount":0,"shouldDisplayMessage":false,"hasContent":false}],"testStage":{"status":"broken","statusMessage":"selenium.common.exceptions.WebDriverException: Message: unknown error: net::ERR_CONNECTION_REFUSED\n  (Session info: headless chrome=114.0.5735.198)\nStacktrace:\n#0 0x56210c3664e3 <unknown>\n#1 0x56210c095c76 <unknown>\n#2 0x56210c08dc7f <unknown>\n#3 0x56210c07fca2 <unknown>\n#4 0x56210c081412 <unknown>\n#5 0x56210c0800ca <unknown>\n#6 0x56210c07f168 <unknown>\n#7 0x56210c07efa0 <unknown>\n#8 0x56210c07d9bf <unknown>\n#9 0x56210c07dfed <unknown>\n#10 0x56210c097b06 <unknown>\n#11 0x56210c1099e5 <unknown>\n#12 0x56210c0f1012 <unknown>\n#13 0x56210c10930e <unknown>\n#14 0x56210c0f0de3 <unknown>\n#15 0x56210c0c62dd <unknown>\n#16 0x56210c0c734e <unknown>\n#17 0x56210c3263e4 <unknown>\n#18 0x56210c32a3d7 <unknown>\n#19 0x56210c334b20 <unknown>\n#20 0x56210c32b023 <unknown>\n#21 0x56210c2f91aa <unknown>\n#22 0x56210c34f6b8 <unknown>\n#23 0x56210c34f847 <unknown>\n#24 0x56210c35f243 <unknown>\n#25 0x7f47dde8db43 <unknown>","statusTrace":"E   selenium.common.exceptions.WebDriverException: Message: unknown error: net::ERR_CONNECTION_REFUSED\n      (Session info: headless chrome=114.0.5735.198)\n    Stacktrace:\n    #0 0x56210c3664e3 <unknown>\n    #1 0x56210c095c76 <unknown>\n    #2 0x56210c08dc7f <unknown>\n    #3 0x56210c07fca2 <unknown>\n    #4 0x56210c081412 <unknown>\n    #5 0x56210c0800ca <unknown>\n    #6 0x56210c07f168 <unknown>\n    #7 0x56210c07efa0 <unknown>\n    #8 0x56210c07d9bf <unknown>\n    #9 0x56210c07dfed <unknown>\n    #10 0x56210c097b06 <unknown>\n    #11 0x56210c1099e5 <unknown>\n    #12 0x56210c0f1012 <unknown>\n    #13 0x56210c10930e <unknown>\n    #14 0x56210c0f0de3 <unknown>\n    #15 0x56210c0c62dd <unknown>\n    #16 0x56210c0c734e <unknown>\n    #17 0x56210c3263e4 <unknown>\n    #18 0x56210c32a3d7 <unknown>\n    #19 0x56210c334b20 <unknown>\n    #20 0x56210c32b023 <unknown>\n    #21 0x56210c2f91aa <unknown>\n    #22 0x56210c34f6b8 <unknown>\n    #23 0x56210c34f847 <unknown>\n    #24 0x56210c35f243 <unknown>\n    #25 0x7f47dde8db43 <unknown>","steps":[{"name":"Открываем главную страницу","time":{"start":1689186765044,"stop":1689186765108,"duration":64},"status":"broken","statusMessage":"selenium.common.exceptions.WebDriverException: Message: unknown error: net::ERR_CONNECTION_REFUSED\n  (Session info: headless chrome=114.0.5735.198)\nStacktrace:\n#0 0x56210c3664e3 <unknown>\n#1 0x56210c095c76 <unknown>\n#2 0x56210c08dc7f <unknown>\n#3 0x56210c07fca2 <unknown>\n#4 0x56210c081412 <unknown>\n#5 0x56210c0800ca <unknown>\n#6 0x56210c07f168 <unknown>\n#7 0x56210c07efa0 <unknown>\n#8 0x56210c07d9bf <unknown>\n#9 0x56210c07dfed <unknown>\n#10 0x56210c097b06 <unknown>\n#11 0x56210c1099e5 <unknown>\n#12 0x56210c0f1012 <unknown>\n#13 0x56210c10930e <unknown>\n#14 0x56210c0f0de3 <unknown>\n#15 0x56210c0c62dd <unknown>\n#16 0x56210c0c734e <unknown>\n#17 0x56210c3263e4 <unknown>\n#18 0x56210c32a3d7 <unknown>\n#19 0x56210c334b20 <unknown>\n#20 0x56210c32b023 <unknown>\n#21 0x56210c2f91aa <unknown>\n#22 0x56210c34f6b8 <unknown>\n#23 0x56210c34f847 <unknown>\n#24 0x56210c35f243 <unknown>\n#25 0x7f47dde8db43 <unknown>\n\n","statusTrace":"  File \"/home/runner/work/testing_foodgram_project_react/testing_foodgram_project_react/pages/base_page.py\", line 20, in open\n    self.browser.get(self.url)\n  File \"/opt/hostedtoolcache/Python/3.11.4/x64/lib/python3.11/site-packages/selenium/webdriver/remote/webdriver.py\", line 449, in get\n    self.execute(Command.GET, {\"url\": url})\n  File \"/opt/hostedtoolcache/Python/3.11.4/x64/lib/python3.11/site-packages/selenium/webdriver/remote/webdriver.py\", line 440, in execute\n    self.error_handler.check_response(response)\n  File \"/opt/hostedtoolcache/Python/3.11.4/x64/lib/python3.11/site-packages/selenium/webdriver/remote/errorhandler.py\", line 245, in check_response\n    raise exception_class(message, screen, stacktrace)\n","steps":[],"attachments":[],"parameters":[],"stepsCount":0,"attachmentsCount":0,"shouldDisplayMessage":true,"hasContent":true}],"attachments":[],"parameters":[],"stepsCount":1,"attachmentsCount":0,"shouldDisplayMessage":true,"hasContent":true},"afterStages":[{"name":"browser::0","time":{"start":1689186765111,"stop":1689186765166,"duration":55},"status":"passed","steps":[],"attachments":[],"parameters":[],"stepsCount":0,"attachmentsCount":0,"shouldDisplayMessage":false,"hasContent":false}],"labels":[{"name":"story","value":"Тест аутентификации."},{"name":"feature","value":"Тесты аутентификации зарегистрированного пользователя."},{"name":"tag","value":"login_test(scope='function')"},{"name":"tag","value":"login_form_test(scope='class')"},{"name":"tag","value":"run(order=2)"},{"name":"parentSuite","value":"tests"},{"name":"suite","value":"test_login_page"},{"name":"subSuite","value":"TestLoginForm"},{"name":"host","value":"fv-az799-973"},{"name":"thread","value":"2505-MainThread"},{"name":"framework","value":"pytest"},{"name":"language","value":"cpython3"},{"name":"package","value":"tests.test_login_page"},{"name":"resultFormat","value":"allure2"}],"parameters":[],"links":[],"hidden":false,"retry":false,"extra":{"severity":"normal","retries":[],"categories":[{"name":"Test defects","matchedStatuses":[],"flaky":false}],"history":{"statistic":{"failed":0,"broken":2,"skipped":0,"passed":0,"unknown":0,"total":2},"items":[{"uid":"2e0b36e513143ded","reportUrl":"https://IlyaYaP.github.io/testing_foodgram_project_react/1//#testresult/2e0b36e513143ded","status":"broken","statusDetails":"selenium.common.exceptions.WebDriverException: Message: unknown error: Chrome failed to start: exited abnormally.\n  (unknown error: DevToolsActivePort file doesn't exist)\n  (The process started from chrome location /usr/bin/google-chrome is no longer running, so ChromeDriver is assuming that Chrome has crashed.)\nStacktrace:\n#0 0x55c2654e24e3 <unknown>\n#1 0x55c265211c76 <unknown>\n#2 0x55c26523ad78 <unknown>\n#3 0x55c265237029 <unknown>\n#4 0x55c265275ccc <unknown>\n#5 0x55c26527547f <unknown>\n#6 0x55c26526cde3 <unknown>\n#7 0x55c2652422dd <unknown>\n#8 0x55c26524334e <unknown>\n#9 0x55c2654a23e4 <unknown>\n#10 0x55c2654a63d7 <unknown>\n#11 0x55c2654b0b20 <unknown>\n#12 0x55c2654a7023 <unknown>\n#13 0x55c2654751aa <unknown>\n#14 0x55c2654cb6b8 <unknown>\n#15 0x55c2654cb847 <unknown>\n#16 0x55c2654db243 <unknown>\n#17 0x7f9385602b43 <unknown>","time":{"start":1689186454318,"stop":1689186454318,"duration":0}}]},"tags":["login_form_test(scope='class')","run(order=2)","login_test(scope='function')"]},"source":"c888070ba425e2db.json","parameterValues":[]}