{"uid":"eaa84ed3e4294a24","name":"test_password_changes","fullName":"tests.test_login_page.TestLoginForm#test_password_changes","historyId":"a84a9123337f0862aa26252985595c8d","time":{"start":1689186766719,"stop":1689186766781,"duration":62},"status":"broken","statusMessage":"selenium.common.exceptions.WebDriverException: Message: unknown error: net::ERR_CONNECTION_REFUSED\n  (Session info: headless chrome=114.0.5735.198)\nStacktrace:\n#0 0x555706b3a4e3 <unknown>\n#1 0x555706869c76 <unknown>\n#2 0x555706861c7f <unknown>\n#3 0x555706853ca2 <unknown>\n#4 0x555706855412 <unknown>\n#5 0x5557068540ca <unknown>\n#6 0x555706853168 <unknown>\n#7 0x555706852fa0 <unknown>\n#8 0x5557068519bf <unknown>\n#9 0x555706851fed <unknown>\n#10 0x55570686bb06 <unknown>\n#11 0x5557068dd9e5 <unknown>\n#12 0x5557068c5012 <unknown>\n#13 0x5557068dd30e <unknown>\n#14 0x5557068c4de3 <unknown>\n#15 0x55570689a2dd <unknown>\n#16 0x55570689b34e <unknown>\n#17 0x555706afa3e4 <unknown>\n#18 0x555706afe3d7 <unknown>\n#19 0x555706b08b20 <unknown>\n#20 0x555706aff023 <unknown>\n#21 0x555706acd1aa <unknown>\n#22 0x555706b236b8 <unknown>\n#23 0x555706b23847 <unknown>\n#24 0x555706b33243 <unknown>\n#25 0x7f2aaadf4b43 <unknown>","statusTrace":"E   selenium.common.exceptions.WebDriverException: Message: unknown error: net::ERR_CONNECTION_REFUSED\n      (Session info: headless chrome=114.0.5735.198)\n    Stacktrace:\n    #0 0x555706b3a4e3 <unknown>\n    #1 0x555706869c76 <unknown>\n    #2 0x555706861c7f <unknown>\n    #3 0x555706853ca2 <unknown>\n    #4 0x555706855412 <unknown>\n    #5 0x5557068540ca <unknown>\n    #6 0x555706853168 <unknown>\n    #7 0x555706852fa0 <unknown>\n    #8 0x5557068519bf <unknown>\n    #9 0x555706851fed <unknown>\n    #10 0x55570686bb06 <unknown>\n    #11 0x5557068dd9e5 <unknown>\n    #12 0x5557068c5012 <unknown>\n    #13 0x5557068dd30e <unknown>\n    #14 0x5557068c4de3 <unknown>\n    #15 0x55570689a2dd <unknown>\n    #16 0x55570689b34e <unknown>\n    #17 0x555706afa3e4 <unknown>\n    #18 0x555706afe3d7 <unknown>\n    #19 0x555706b08b20 <unknown>\n    #20 0x555706aff023 <unknown>\n    #21 0x555706acd1aa <unknown>\n    #22 0x555706b236b8 <unknown>\n    #23 0x555706b23847 <unknown>\n    #24 0x555706b33243 <unknown>\n    #25 0x7f2aaadf4b43 <unknown>","flaky":false,"newFailed":false,"newBroken":false,"newPassed":false,"retriesCount":0,"retriesStatusChange":false,"beforeStages":[{"name":"browser","time":{"start":1689186766015,"stop":1689186766719,"duration":704},"status":"passed","steps":[],"attachments":[],"parameters":[],"stepsCount":0,"attachmentsCount":0,"shouldDisplayMessage":false,"hasContent":false}],"testStage":{"status":"broken","statusMessage":"selenium.common.exceptions.WebDriverException: Message: unknown error: net::ERR_CONNECTION_REFUSED\n  (Session info: headless chrome=114.0.5735.198)\nStacktrace:\n#0 0x555706b3a4e3 <unknown>\n#1 0x555706869c76 <unknown>\n#2 0x555706861c7f <unknown>\n#3 0x555706853ca2 <unknown>\n#4 0x555706855412 <unknown>\n#5 0x5557068540ca <unknown>\n#6 0x555706853168 <unknown>\n#7 0x555706852fa0 <unknown>\n#8 0x5557068519bf <unknown>\n#9 0x555706851fed <unknown>\n#10 0x55570686bb06 <unknown>\n#11 0x5557068dd9e5 <unknown>\n#12 0x5557068c5012 <unknown>\n#13 0x5557068dd30e <unknown>\n#14 0x5557068c4de3 <unknown>\n#15 0x55570689a2dd <unknown>\n#16 0x55570689b34e <unknown>\n#17 0x555706afa3e4 <unknown>\n#18 0x555706afe3d7 <unknown>\n#19 0x555706b08b20 <unknown>\n#20 0x555706aff023 <unknown>\n#21 0x555706acd1aa <unknown>\n#22 0x555706b236b8 <unknown>\n#23 0x555706b23847 <unknown>\n#24 0x555706b33243 <unknown>\n#25 0x7f2aaadf4b43 <unknown>","statusTrace":"E   selenium.common.exceptions.WebDriverException: Message: unknown error: net::ERR_CONNECTION_REFUSED\n      (Session info: headless chrome=114.0.5735.198)\n    Stacktrace:\n    #0 0x555706b3a4e3 <unknown>\n    #1 0x555706869c76 <unknown>\n    #2 0x555706861c7f <unknown>\n    #3 0x555706853ca2 <unknown>\n    #4 0x555706855412 <unknown>\n    #5 0x5557068540ca <unknown>\n    #6 0x555706853168 <unknown>\n    #7 0x555706852fa0 <unknown>\n    #8 0x5557068519bf <unknown>\n    #9 0x555706851fed <unknown>\n    #10 0x55570686bb06 <unknown>\n    #11 0x5557068dd9e5 <unknown>\n    #12 0x5557068c5012 <unknown>\n    #13 0x5557068dd30e <unknown>\n    #14 0x5557068c4de3 <unknown>\n    #15 0x55570689a2dd <unknown>\n    #16 0x55570689b34e <unknown>\n    #17 0x555706afa3e4 <unknown>\n    #18 0x555706afe3d7 <unknown>\n    #19 0x555706b08b20 <unknown>\n    #20 0x555706aff023 <unknown>\n    #21 0x555706acd1aa <unknown>\n    #22 0x555706b236b8 <unknown>\n    #23 0x555706b23847 <unknown>\n    #24 0x555706b33243 <unknown>\n    #25 0x7f2aaadf4b43 <unknown>","steps":[{"name":"Открываем главную страницу","time":{"start":1689186766720,"stop":1689186766780,"duration":60},"status":"broken","statusMessage":"selenium.common.exceptions.WebDriverException: Message: unknown error: net::ERR_CONNECTION_REFUSED\n  (Session info: headless chrome=114.0.5735.198)\nStacktrace:\n#0 0x555706b3a4e3 <unknown>\n#1 0x555706869c76 <unknown>\n#2 0x555706861c7f <unknown>\n#3 0x555706853ca2 <unknown>\n#4 0x555706855412 <unknown>\n#5 0x5557068540ca <unknown>\n#6 0x555706853168 <unknown>\n#7 0x555706852fa0 <unknown>\n#8 0x5557068519bf <unknown>\n#9 0x555706851fed <unknown>\n#10 0x55570686bb06 <unknown>\n#11 0x5557068dd9e5 <unknown>\n#12 0x5557068c5012 <unknown>\n#13 0x5557068dd30e <unknown>\n#14 0x5557068c4de3 <unknown>\n#15 0x55570689a2dd <unknown>\n#16 0x55570689b34e <unknown>\n#17 0x555706afa3e4 <unknown>\n#18 0x555706afe3d7 <unknown>\n#19 0x555706b08b20 <unknown>\n#20 0x555706aff023 <unknown>\n#21 0x555706acd1aa <unknown>\n#22 0x555706b236b8 <unknown>\n#23 0x555706b23847 <unknown>\n#24 0x555706b33243 <unknown>\n#25 0x7f2aaadf4b43 <unknown>\n\n","statusTrace":"  File \"/home/runner/work/testing_foodgram_project_react/testing_foodgram_project_react/pages/base_page.py\", line 20, in open\n    self.browser.get(self.url)\n  File \"/opt/hostedtoolcache/Python/3.11.4/x64/lib/python3.11/site-packages/selenium/webdriver/remote/webdriver.py\", line 449, in get\n    self.execute(Command.GET, {\"url\": url})\n  File \"/opt/hostedtoolcache/Python/3.11.4/x64/lib/python3.11/site-packages/selenium/webdriver/remote/webdriver.py\", line 440, in execute\n    self.error_handler.check_response(response)\n  File \"/opt/hostedtoolcache/Python/3.11.4/x64/lib/python3.11/site-packages/selenium/webdriver/remote/errorhandler.py\", line 245, in check_response\n    raise exception_class(message, screen, stacktrace)\n","steps":[],"attachments":[],"parameters":[],"stepsCount":0,"attachmentsCount":0,"shouldDisplayMessage":true,"hasContent":true}],"attachments":[],"parameters":[],"stepsCount":1,"attachmentsCount":0,"shouldDisplayMessage":true,"hasContent":true},"afterStages":[{"name":"browser::0","time":{"start":1689186766783,"stop":1689186766837,"duration":54},"status":"passed","steps":[],"attachments":[],"parameters":[],"stepsCount":0,"attachmentsCount":0,"shouldDisplayMessage":false,"hasContent":false}],"labels":[{"name":"story","value":"Тест изменения пароля."},{"name":"feature","value":"Тесты аутентификации зарегистрированного пользователя."},{"name":"tag","value":"password_changes_test(scope='function')"},{"name":"tag","value":"login_form_test(scope='class')"},{"name":"tag","value":"run(order=2)"},{"name":"parentSuite","value":"tests"},{"name":"suite","value":"test_login_page"},{"name":"subSuite","value":"TestLoginForm"},{"name":"host","value":"fv-az799-973"},{"name":"thread","value":"2505-MainThread"},{"name":"framework","value":"pytest"},{"name":"language","value":"cpython3"},{"name":"package","value":"tests.test_login_page"},{"name":"resultFormat","value":"allure2"}],"parameters":[],"links":[],"hidden":false,"retry":false,"extra":{"severity":"normal","retries":[],"categories":[{"name":"Test defects","matchedStatuses":[],"flaky":false}],"history":{"statistic":{"failed":0,"broken":2,"skipped":0,"passed":0,"unknown":0,"total":2},"items":[{"uid":"21f1d71370349db8","reportUrl":"https://IlyaYaP.github.io/testing_foodgram_project_react/1//#testresult/21f1d71370349db8","status":"broken","statusDetails":"selenium.common.exceptions.WebDriverException: Message: unknown error: Chrome failed to start: exited abnormally.\n  (unknown error: DevToolsActivePort file doesn't exist)\n  (The process started from chrome location /usr/bin/google-chrome is no longer running, so ChromeDriver is assuming that Chrome has crashed.)\nStacktrace:\n#0 0x56431ef8b4e3 <unknown>\n#1 0x56431ecbac76 <unknown>\n#2 0x56431ece3d78 <unknown>\n#3 0x56431ece0029 <unknown>\n#4 0x56431ed1eccc <unknown>\n#5 0x56431ed1e47f <unknown>\n#6 0x56431ed15de3 <unknown>\n#7 0x56431eceb2dd <unknown>\n#8 0x56431ecec34e <unknown>\n#9 0x56431ef4b3e4 <unknown>\n#10 0x56431ef4f3d7 <unknown>\n#11 0x56431ef59b20 <unknown>\n#12 0x56431ef50023 <unknown>\n#13 0x56431ef1e1aa <unknown>\n#14 0x56431ef746b8 <unknown>\n#15 0x56431ef74847 <unknown>\n#16 0x56431ef84243 <unknown>\n#17 0x7f387e627b43 <unknown>","time":{"start":1689186455699,"stop":1689186455699,"duration":0}}]},"tags":["login_form_test(scope='class')","run(order=2)","password_changes_test(scope='function')"]},"source":"eaa84ed3e4294a24.json","parameterValues":[]}